
  .   ____          _            __ _ _
 /\\ / ___'_ __ _ _(_)_ __  __ _ \ \ \ \
( ( )\___ | '_ | '_| | '_ \/ _` | \ \ \ \
 \\/  ___)| |_)| | | | | || (_| |  ) ) ) )
  '  |____| .__|_| |_|_| |_\__, | / / / /
 =========|_|==============|___/=/_/_/_/

 :: Spring Boot ::                (v3.5.0)

2025-05-25T17:46:28.385+09:00  INFO 62407 --- [ec2aws] [           main] com.example.ec2aws.Ec2awsApplication     : Starting Ec2awsApplication v0.0.1-SNAPSHOT using Java 23.0.2 with PID 62407 (/Users/jintaemin/Downloads/ec2aws/target/ec2aws-0.0.1-SNAPSHOT.jar started by jintaemin in /Users/jintaemin/Downloads/ec2aws)
2025-05-25T17:46:28.391+09:00  INFO 62407 --- [ec2aws] [           main] com.example.ec2aws.Ec2awsApplication     : No active profile set, falling back to 1 default profile: "default"
2025-05-25T17:46:31.108+09:00  INFO 62407 --- [ec2aws] [           main] o.s.b.w.embedded.tomcat.TomcatWebServer  : Tomcat initialized with port 8080 (http)
2025-05-25T17:46:31.139+09:00  INFO 62407 --- [ec2aws] [           main] o.apache.catalina.core.StandardService   : Starting service [Tomcat]
2025-05-25T17:46:31.140+09:00  INFO 62407 --- [ec2aws] [           main] o.apache.catalina.core.StandardEngine    : Starting Servlet engine: [Apache Tomcat/10.1.41]
2025-05-25T17:46:31.199+09:00  INFO 62407 --- [ec2aws] [           main] o.a.c.c.C.[Tomcat].[localhost].[/]       : Initializing Spring embedded WebApplicationContext
2025-05-25T17:46:31.201+09:00  INFO 62407 --- [ec2aws] [           main] w.s.c.ServletWebServerApplicationContext : Root WebApplicationContext: initialization completed in 2598 ms
2025-05-25T17:46:32.343+09:00  INFO 62407 --- [ec2aws] [           main] o.s.b.w.embedded.tomcat.TomcatWebServer  : Tomcat started on port 8080 (http) with context path '/'
2025-05-25T17:46:32.393+09:00  INFO 62407 --- [ec2aws] [           main] com.example.ec2aws.Ec2awsApplication     : Started Ec2awsApplication in 5.562 seconds (process running for 7.563)
2025-05-25T17:48:14.195+09:00  INFO 62407 --- [ec2aws] [nio-8080-exec-1] o.a.c.c.C.[Tomcat].[localhost].[/]       : Initializing Spring DispatcherServlet 'dispatcherServlet'
2025-05-25T17:48:14.195+09:00  INFO 62407 --- [ec2aws] [nio-8080-exec-1] o.s.web.servlet.DispatcherServlet        : Initializing Servlet 'dispatcherServlet'
2025-05-25T17:48:14.197+09:00  INFO 62407 --- [ec2aws] [nio-8080-exec-1] o.s.web.servlet.DispatcherServlet        : Completed initialization in 2 ms
2025-05-25T17:52:10.547+09:00  INFO 62407 --- [ec2aws] [ionShutdownHook] o.s.b.w.e.tomcat.GracefulShutdown        : Commencing graceful shutdown. Waiting for active requests to complete
2025-05-25T17:52:10.574+09:00  INFO 62407 --- [ec2aws] [tomcat-shutdown] o.s.b.w.e.tomcat.GracefulShutdown        : Graceful shutdown complete

  .   ____          _            __ _ _
 /\\ / ___'_ __ _ _(_)_ __  __ _ \ \ \ \
( ( )\___ | '_ | '_| | '_ \/ _` | \ \ \ \
 \\/  ___)| |_)| | | | | || (_| |  ) ) ) )
  '  |____| .__|_| |_|_| |_\__, | / / / /
 =========|_|==============|___/=/_/_/_/

 :: Spring Boot ::                (v3.5.0)

2025-05-25T17:54:40.487+09:00  INFO 62972 --- [ec2aws] [           main] com.example.ec2aws.Ec2awsApplication     : Starting Ec2awsApplication v0.0.1-SNAPSHOT using Java 23.0.2 with PID 62972 (/Users/jintaemin/Downloads/ec2aws/target/ec2aws-0.0.1-SNAPSHOT.jar started by jintaemin in /Users/jintaemin/Downloads/ec2aws)
2025-05-25T17:54:40.494+09:00  INFO 62972 --- [ec2aws] [           main] com.example.ec2aws.Ec2awsApplication     : No active profile set, falling back to 1 default profile: "default"
2025-05-25T17:54:42.585+09:00  INFO 62972 --- [ec2aws] [           main] o.s.b.w.embedded.tomcat.TomcatWebServer  : Tomcat initialized with port 8080 (http)
2025-05-25T17:54:42.612+09:00  INFO 62972 --- [ec2aws] [           main] o.apache.catalina.core.StandardService   : Starting service [Tomcat]
2025-05-25T17:54:42.613+09:00  INFO 62972 --- [ec2aws] [           main] o.apache.catalina.core.StandardEngine    : Starting Servlet engine: [Apache Tomcat/10.1.41]
2025-05-25T17:54:42.667+09:00  INFO 62972 --- [ec2aws] [           main] o.a.c.c.C.[Tomcat].[localhost].[/]       : Initializing Spring embedded WebApplicationContext
2025-05-25T17:54:42.670+09:00  INFO 62972 --- [ec2aws] [           main] w.s.c.ServletWebServerApplicationContext : Root WebApplicationContext: initialization completed in 1842 ms
2025-05-25T17:54:43.368+09:00  INFO 62972 --- [ec2aws] [           main] o.s.b.w.embedded.tomcat.TomcatWebServer  : Tomcat started on port 8080 (http) with context path '/'
2025-05-25T17:54:43.435+09:00  INFO 62972 --- [ec2aws] [           main] com.example.ec2aws.Ec2awsApplication     : Started Ec2awsApplication in 4.806 seconds (process running for 6.02)
2025-05-25T18:30:09.067+09:00  INFO 62972 --- [ec2aws] [nio-8080-exec-1] o.a.c.c.C.[Tomcat].[localhost].[/]       : Initializing Spring DispatcherServlet 'dispatcherServlet'
2025-05-25T18:30:09.077+09:00  INFO 62972 --- [ec2aws] [nio-8080-exec-1] o.s.web.servlet.DispatcherServlet        : Initializing Servlet 'dispatcherServlet'
2025-05-25T18:30:09.108+09:00  INFO 62972 --- [ec2aws] [nio-8080-exec-1] o.s.web.servlet.DispatcherServlet        : Completed initialization in 28 ms
